{"/Users/fabianyee/Desktop/HackReactor/FEC/SimilarFeaturedCarousel/client/src/Module.jsx": {"path":"/Users/fabianyee/Desktop/HackReactor/FEC/SimilarFeaturedCarousel/client/src/Module.jsx","statementMap":{"0":{"start":{"line":11,"column":4},"end":{"line":11,"column":17}},"1":{"start":{"line":12,"column":4},"end":{"line":18,"column":5}},"2":{"start":{"line":22,"column":4},"end":{"line":32,"column":7}},"3":{"start":{"line":23,"column":6},"end":{"line":31,"column":8}},"4":{"start":{"line":30,"column":8},"end":{"line":30,"column":40}},"5":{"start":{"line":38,"column":4},"end":{"line":58,"column":5}}},"fnMap":{"0":{"name":"(anonymous_0)","decl":{"start":{"line":10,"column":2},"end":{"line":10,"column":3}},"loc":{"start":{"line":10,"column":21},"end":{"line":19,"column":3}},"line":10},"1":{"name":"(anonymous_1)","decl":{"start":{"line":21,"column":2},"end":{"line":21,"column":3}},"loc":{"start":{"line":21,"column":14},"end":{"line":33,"column":3}},"line":21},"2":{"name":"(anonymous_2)","decl":{"start":{"line":22,"column":27},"end":{"line":22,"column":28}},"loc":{"start":{"line":22,"column":37},"end":{"line":32,"column":5}},"line":22},"3":{"name":"(anonymous_3)","decl":{"start":{"line":29,"column":8},"end":{"line":29,"column":9}},"loc":{"start":{"line":29,"column":14},"end":{"line":31,"column":7}},"line":29},"4":{"name":"(anonymous_4)","decl":{"start":{"line":37,"column":2},"end":{"line":37,"column":3}},"loc":{"start":{"line":37,"column":11},"end":{"line":59,"column":3}},"line":37}},"branchMap":{},"s":{"0":0,"1":0,"2":0,"3":0,"4":0,"5":0},"f":{"0":0,"1":0,"2":0,"3":0,"4":0},"b":{},"_coverageSchema":"1a1c01bbd47fc00a2c39e90264f33305004495a9","hash":"acdc08a4203d6645efdab71d8f2da2dc67635fc8"}
,"/Users/fabianyee/Desktop/HackReactor/FEC/SimilarFeaturedCarousel/client/src/components/Carousel.jsx": {"path":"/Users/fabianyee/Desktop/HackReactor/FEC/SimilarFeaturedCarousel/client/src/components/Carousel.jsx","statementMap":{"0":{"start":{"line":147,"column":4},"end":{"line":147,"column":17}},"1":{"start":{"line":148,"column":4},"end":{"line":153,"column":6}},"2":{"start":{"line":154,"column":4},"end":{"line":156,"column":6}},"3":{"start":{"line":154,"column":34},"end":{"line":156,"column":5}},"4":{"start":{"line":161,"column":12},"end":{"line":161,"column":32}},"5":{"start":{"line":162,"column":14},"end":{"line":162,"column":22}},"6":{"start":{"line":163,"column":4},"end":{"line":163,"column":13}},"7":{"start":{"line":164,"column":4},"end":{"line":166,"column":6}},"8":{"start":{"line":170,"column":4},"end":{"line":172,"column":7}},"9":{"start":{"line":173,"column":4},"end":{"line":173,"column":35}},"10":{"start":{"line":176,"column":4},"end":{"line":178,"column":7}},"11":{"start":{"line":179,"column":4},"end":{"line":179,"column":36}},"12":{"start":{"line":183,"column":4},"end":{"line":183,"column":34}},"13":{"start":{"line":184,"column":16},"end":{"line":184,"column":39}},"14":{"start":{"line":185,"column":17},"end":{"line":185,"column":34}},"15":{"start":{"line":186,"column":20},"end":{"line":186,"column":30}},"16":{"start":{"line":187,"column":4},"end":{"line":200,"column":5}},"17":{"start":{"line":188,"column":6},"end":{"line":188,"column":20}},"18":{"start":{"line":189,"column":6},"end":{"line":189,"column":14}},"19":{"start":{"line":190,"column":6},"end":{"line":199,"column":9}},"20":{"start":{"line":193,"column":8},"end":{"line":195,"column":9}},"21":{"start":{"line":194,"column":10},"end":{"line":194,"column":32}},"22":{"start":{"line":196,"column":8},"end":{"line":198,"column":9}},"23":{"start":{"line":197,"column":10},"end":{"line":197,"column":30}},"24":{"start":{"line":204,"column":16},"end":{"line":204,"column":39}},"25":{"start":{"line":205,"column":17},"end":{"line":205,"column":34}},"26":{"start":{"line":206,"column":12},"end":{"line":206,"column":32}},"27":{"start":{"line":208,"column":4},"end":{"line":223,"column":5}},"28":{"start":{"line":209,"column":6},"end":{"line":209,"column":14}},"29":{"start":{"line":210,"column":6},"end":{"line":210,"column":19}},"30":{"start":{"line":211,"column":6},"end":{"line":222,"column":9}},"31":{"start":{"line":215,"column":8},"end":{"line":217,"column":9}},"32":{"start":{"line":216,"column":10},"end":{"line":216,"column":31}},"33":{"start":{"line":219,"column":8},"end":{"line":221,"column":9}},"34":{"start":{"line":220,"column":10},"end":{"line":220,"column":31}},"35":{"start":{"line":227,"column":17},"end":{"line":227,"column":34}},"36":{"start":{"line":228,"column":12},"end":{"line":228,"column":32}},"37":{"start":{"line":229,"column":16},"end":{"line":229,"column":27}},"38":{"start":{"line":230,"column":14},"end":{"line":230,"column":45}},"39":{"start":{"line":232,"column":4},"end":{"line":232,"column":19}},"40":{"start":{"line":233,"column":4},"end":{"line":235,"column":7}},"41":{"start":{"line":236,"column":4},"end":{"line":236,"column":40}},"42":{"start":{"line":237,"column":4},"end":{"line":241,"column":5}},"43":{"start":{"line":238,"column":6},"end":{"line":238,"column":27}},"44":{"start":{"line":240,"column":6},"end":{"line":240,"column":26}},"45":{"start":{"line":243,"column":4},"end":{"line":247,"column":5}},"46":{"start":{"line":244,"column":6},"end":{"line":244,"column":28}},"47":{"start":{"line":246,"column":6},"end":{"line":246,"column":27}},"48":{"start":{"line":252,"column":4},"end":{"line":286,"column":5}},"49":{"start":{"line":258,"column":16},"end":{"line":264,"column":20}}},"fnMap":{"0":{"name":"(anonymous_0)","decl":{"start":{"line":146,"column":2},"end":{"line":146,"column":3}},"loc":{"start":{"line":146,"column":22},"end":{"line":157,"column":3}},"line":146},"1":{"name":"(anonymous_1)","decl":{"start":{"line":160,"column":2},"end":{"line":160,"column":3}},"loc":{"start":{"line":160,"column":10},"end":{"line":167,"column":3}},"line":160},"2":{"name":"(anonymous_2)","decl":{"start":{"line":169,"column":2},"end":{"line":169,"column":3}},"loc":{"start":{"line":169,"column":16},"end":{"line":174,"column":3}},"line":169},"3":{"name":"(anonymous_3)","decl":{"start":{"line":175,"column":2},"end":{"line":175,"column":3}},"loc":{"start":{"line":175,"column":17},"end":{"line":180,"column":3}},"line":175},"4":{"name":"(anonymous_4)","decl":{"start":{"line":182,"column":2},"end":{"line":182,"column":3}},"loc":{"start":{"line":182,"column":11},"end":{"line":201,"column":3}},"line":182},"5":{"name":"(anonymous_5)","decl":{"start":{"line":192,"column":9},"end":{"line":192,"column":10}},"loc":{"start":{"line":192,"column":15},"end":{"line":199,"column":7}},"line":192},"6":{"name":"(anonymous_6)","decl":{"start":{"line":203,"column":2},"end":{"line":203,"column":3}},"loc":{"start":{"line":203,"column":11},"end":{"line":224,"column":3}},"line":203},"7":{"name":"(anonymous_7)","decl":{"start":{"line":213,"column":9},"end":{"line":213,"column":10}},"loc":{"start":{"line":213,"column":15},"end":{"line":222,"column":7}},"line":213},"8":{"name":"(anonymous_8)","decl":{"start":{"line":226,"column":2},"end":{"line":226,"column":3}},"loc":{"start":{"line":226,"column":19},"end":{"line":249,"column":3}},"line":226},"9":{"name":"(anonymous_9)","decl":{"start":{"line":251,"column":2},"end":{"line":251,"column":3}},"loc":{"start":{"line":251,"column":11},"end":{"line":287,"column":3}},"line":251},"10":{"name":"(anonymous_10)","decl":{"start":{"line":257,"column":35},"end":{"line":257,"column":36}},"loc":{"start":{"line":257,"column":48},"end":{"line":265,"column":15}},"line":257}},"branchMap":{"0":{"loc":{"start":{"line":154,"column":4},"end":{"line":156,"column":6}},"type":"if","locations":[{"start":{"line":154,"column":4},"end":{"line":156,"column":6}},{"start":{"line":154,"column":4},"end":{"line":156,"column":6}}],"line":154},"1":{"loc":{"start":{"line":187,"column":4},"end":{"line":200,"column":5}},"type":"if","locations":[{"start":{"line":187,"column":4},"end":{"line":200,"column":5}},{"start":{"line":187,"column":4},"end":{"line":200,"column":5}}],"line":187},"2":{"loc":{"start":{"line":193,"column":8},"end":{"line":195,"column":9}},"type":"if","locations":[{"start":{"line":193,"column":8},"end":{"line":195,"column":9}},{"start":{"line":193,"column":8},"end":{"line":195,"column":9}}],"line":193},"3":{"loc":{"start":{"line":196,"column":8},"end":{"line":198,"column":9}},"type":"if","locations":[{"start":{"line":196,"column":8},"end":{"line":198,"column":9}},{"start":{"line":196,"column":8},"end":{"line":198,"column":9}}],"line":196},"4":{"loc":{"start":{"line":208,"column":4},"end":{"line":223,"column":5}},"type":"if","locations":[{"start":{"line":208,"column":4},"end":{"line":223,"column":5}},{"start":{"line":208,"column":4},"end":{"line":223,"column":5}}],"line":208},"5":{"loc":{"start":{"line":215,"column":8},"end":{"line":217,"column":9}},"type":"if","locations":[{"start":{"line":215,"column":8},"end":{"line":217,"column":9}},{"start":{"line":215,"column":8},"end":{"line":217,"column":9}}],"line":215},"6":{"loc":{"start":{"line":219,"column":8},"end":{"line":221,"column":9}},"type":"if","locations":[{"start":{"line":219,"column":8},"end":{"line":221,"column":9}},{"start":{"line":219,"column":8},"end":{"line":221,"column":9}}],"line":219},"7":{"loc":{"start":{"line":237,"column":4},"end":{"line":241,"column":5}},"type":"if","locations":[{"start":{"line":237,"column":4},"end":{"line":241,"column":5}},{"start":{"line":237,"column":4},"end":{"line":241,"column":5}}],"line":237},"8":{"loc":{"start":{"line":243,"column":4},"end":{"line":247,"column":5}},"type":"if","locations":[{"start":{"line":243,"column":4},"end":{"line":247,"column":5}},{"start":{"line":243,"column":4},"end":{"line":247,"column":5}}],"line":243}},"s":{"0":1,"1":1,"2":1,"3":0,"4":0,"5":0,"6":0,"7":0,"8":0,"9":0,"10":0,"11":0,"12":0,"13":0,"14":0,"15":0,"16":0,"17":0,"18":0,"19":0,"20":0,"21":0,"22":0,"23":0,"24":0,"25":0,"26":0,"27":0,"28":0,"29":0,"30":0,"31":0,"32":0,"33":0,"34":0,"35":0,"36":0,"37":0,"38":0,"39":0,"40":0,"41":0,"42":0,"43":0,"44":0,"45":0,"46":0,"47":0,"48":1,"49":4},"f":{"0":1,"1":0,"2":0,"3":0,"4":0,"5":0,"6":0,"7":0,"8":0,"9":1,"10":4},"b":{"0":[0,1],"1":[0,0],"2":[0,0],"3":[0,0],"4":[0,0],"5":[0,0],"6":[0,0],"7":[0,0],"8":[0,0]},"_coverageSchema":"1a1c01bbd47fc00a2c39e90264f33305004495a9","hash":"fd754af57d530c22d058d16fc2288dbfb90a63dc"}
,"/Users/fabianyee/Desktop/HackReactor/FEC/SimilarFeaturedCarousel/server/index.js": {"path":"/Users/fabianyee/Desktop/HackReactor/FEC/SimilarFeaturedCarousel/server/index.js","statementMap":{"0":{"start":{"line":1,"column":14},"end":{"line":1,"column":33}},"1":{"start":{"line":2,"column":8},"end":{"line":2,"column":30}},"2":{"start":{"line":3,"column":11},"end":{"line":3,"column":43}},"3":{"start":{"line":5,"column":10},"end":{"line":5,"column":19}},"4":{"start":{"line":6,"column":0},"end":{"line":6,"column":39}},"5":{"start":{"line":7,"column":0},"end":{"line":7,"column":24}},"6":{"start":{"line":9,"column":0},"end":{"line":14,"column":3}},"7":{"start":{"line":10,"column":18},"end":{"line":10,"column":48}},"8":{"start":{"line":11,"column":2},"end":{"line":13,"column":5}},"9":{"start":{"line":12,"column":4},"end":{"line":12,"column":19}},"10":{"start":{"line":16,"column":0},"end":{"line":21,"column":3}},"11":{"start":{"line":17,"column":18},"end":{"line":17,"column":48}},"12":{"start":{"line":18,"column":2},"end":{"line":20,"column":5}},"13":{"start":{"line":19,"column":4},"end":{"line":19,"column":19}},"14":{"start":{"line":23,"column":0},"end":{"line":31,"column":3}},"15":{"start":{"line":24,"column":18},"end":{"line":24,"column":48}},"16":{"start":{"line":25,"column":2},"end":{"line":30,"column":5}},"17":{"start":{"line":26,"column":23},"end":{"line":28,"column":6}},"18":{"start":{"line":27,"column":6},"end":{"line":27,"column":27}},"19":{"start":{"line":29,"column":4},"end":{"line":29,"column":27}},"20":{"start":{"line":33,"column":0},"end":{"line":33,"column":21}}},"fnMap":{"0":{"name":"(anonymous_0)","decl":{"start":{"line":9,"column":42},"end":{"line":9,"column":43}},"loc":{"start":{"line":9,"column":56},"end":{"line":14,"column":1}},"line":9},"1":{"name":"(anonymous_1)","decl":{"start":{"line":11,"column":33},"end":{"line":11,"column":34}},"loc":{"start":{"line":11,"column":43},"end":{"line":13,"column":3}},"line":11},"2":{"name":"(anonymous_2)","decl":{"start":{"line":16,"column":35},"end":{"line":16,"column":36}},"loc":{"start":{"line":16,"column":49},"end":{"line":21,"column":1}},"line":16},"3":{"name":"(anonymous_3)","decl":{"start":{"line":18,"column":36},"end":{"line":18,"column":37}},"loc":{"start":{"line":18,"column":46},"end":{"line":20,"column":3}},"line":18},"4":{"name":"(anonymous_4)","decl":{"start":{"line":23,"column":36},"end":{"line":23,"column":37}},"loc":{"start":{"line":23,"column":50},"end":{"line":31,"column":1}},"line":23},"5":{"name":"(anonymous_5)","decl":{"start":{"line":25,"column":36},"end":{"line":25,"column":37}},"loc":{"start":{"line":25,"column":46},"end":{"line":30,"column":3}},"line":25},"6":{"name":"(anonymous_6)","decl":{"start":{"line":26,"column":38},"end":{"line":26,"column":39}},"loc":{"start":{"line":26,"column":48},"end":{"line":28,"column":5}},"line":26}},"branchMap":{},"s":{"0":1,"1":1,"2":1,"3":1,"4":1,"5":1,"6":1,"7":1,"8":1,"9":1,"10":1,"11":1,"12":1,"13":1,"14":1,"15":1,"16":1,"17":1,"18":23,"19":1,"20":1},"f":{"0":1,"1":1,"2":1,"3":1,"4":1,"5":1,"6":23},"b":{},"_coverageSchema":"1a1c01bbd47fc00a2c39e90264f33305004495a9","hash":"cb714f40a711285aa2ebe5925bffe5897977f5df"}
}
