TN:
SF:client/src/Module.jsx
FN:10,(anonymous_0)
FN:21,(anonymous_1)
FN:22,(anonymous_2)
FN:29,(anonymous_3)
FN:37,(anonymous_4)
FNF:5
FNH:0
FNDA:0,(anonymous_0)
FNDA:0,(anonymous_1)
FNDA:0,(anonymous_2)
FNDA:0,(anonymous_3)
FNDA:0,(anonymous_4)
DA:11,0
DA:12,0
DA:22,0
DA:23,0
DA:30,0
DA:38,0
LF:6
LH:0
BRF:0
BRH:0
end_of_record
TN:
SF:client/src/components/Carousel.jsx
FN:146,(anonymous_0)
FN:160,(anonymous_1)
FN:169,(anonymous_2)
FN:175,(anonymous_3)
FN:182,(anonymous_4)
FN:192,(anonymous_5)
FN:203,(anonymous_6)
FN:213,(anonymous_7)
FN:226,(anonymous_8)
FN:251,(anonymous_9)
FN:257,(anonymous_10)
FNF:11
FNH:3
FNDA:1,(anonymous_0)
FNDA:0,(anonymous_1)
FNDA:0,(anonymous_2)
FNDA:0,(anonymous_3)
FNDA:0,(anonymous_4)
FNDA:0,(anonymous_5)
FNDA:0,(anonymous_6)
FNDA:0,(anonymous_7)
FNDA:0,(anonymous_8)
FNDA:1,(anonymous_9)
FNDA:4,(anonymous_10)
DA:147,1
DA:148,1
DA:154,1
DA:161,0
DA:162,0
DA:163,0
DA:164,0
DA:170,0
DA:173,0
DA:176,0
DA:179,0
DA:183,0
DA:184,0
DA:185,0
DA:186,0
DA:187,0
DA:188,0
DA:189,0
DA:190,0
DA:193,0
DA:194,0
DA:196,0
DA:197,0
DA:204,0
DA:205,0
DA:206,0
DA:208,0
DA:209,0
DA:210,0
DA:211,0
DA:215,0
DA:216,0
DA:219,0
DA:220,0
DA:227,0
DA:228,0
DA:229,0
DA:230,0
DA:232,0
DA:233,0
DA:236,0
DA:237,0
DA:238,0
DA:240,0
DA:243,0
DA:244,0
DA:246,0
DA:252,1
DA:258,4
LF:49
LH:5
BRDA:154,0,0,0
BRDA:154,0,1,1
BRDA:187,1,0,0
BRDA:187,1,1,0
BRDA:193,2,0,0
BRDA:193,2,1,0
BRDA:196,3,0,0
BRDA:196,3,1,0
BRDA:208,4,0,0
BRDA:208,4,1,0
BRDA:215,5,0,0
BRDA:215,5,1,0
BRDA:219,6,0,0
BRDA:219,6,1,0
BRDA:237,7,0,0
BRDA:237,7,1,0
BRDA:243,8,0,0
BRDA:243,8,1,0
BRF:18
BRH:1
end_of_record
TN:
SF:server/index.js
FN:9,(anonymous_0)
FN:11,(anonymous_1)
FN:16,(anonymous_2)
FN:18,(anonymous_3)
FN:23,(anonymous_4)
FN:25,(anonymous_5)
FN:26,(anonymous_6)
FNF:7
FNH:7
FNDA:1,(anonymous_0)
FNDA:1,(anonymous_1)
FNDA:1,(anonymous_2)
FNDA:1,(anonymous_3)
FNDA:1,(anonymous_4)
FNDA:1,(anonymous_5)
FNDA:23,(anonymous_6)
DA:1,1
DA:2,1
DA:3,1
DA:5,1
DA:6,1
DA:7,1
DA:9,1
DA:10,1
DA:11,1
DA:12,1
DA:16,1
DA:17,1
DA:18,1
DA:19,1
DA:23,1
DA:24,1
DA:25,1
DA:26,1
DA:27,23
DA:29,1
DA:33,1
LF:21
LH:21
BRF:0
BRH:0
end_of_record
